<?xml version="1.0" encoding="UTF-8"?>
<testng-results skipped="1" failed="0" total="1" passed="0">
  <reporter-output>
  </reporter-output>
  <suite name="Default suite" duration-ms="1105" started-at="2014-01-24T01:53:48Z" finished-at="2014-01-24T01:53:49Z">
    <groups>
    </groups>
    <test name="Default test" duration-ms="1105" started-at="2014-01-24T01:53:48Z" finished-at="2014-01-24T01:53:49Z">
      <class name="SeleniumRemoteControlCode">
        <test-method status="FAIL" signature="setUp()[pri:0, instance:SeleniumRemoteControlCode@298f89c9]" name="setUp" is-config="true" duration-ms="0" started-at="2014-01-24T07:23:48Z" finished-at="2014-01-24T07:23:48Z">
          <exception class="java.lang.RuntimeException">
            <message>
              <![CDATA[Could not contact Selenium Server; have you started it on 'localhost:4444' ?
Read more at http://seleniumhq.org/projects/remote-control/not-started.html
Connection refused: connect]]>
            </message>
            <full-stacktrace>
              <![CDATA[java.lang.RuntimeException: Could not contact Selenium Server; have you started it on 'localhost:4444' ?
Read more at http://seleniumhq.org/projects/remote-control/not-started.html
Connection refused: connect
	at com.thoughtworks.selenium.DefaultSelenium.start(DefaultSelenium.java:104)
	at SeleniumRemoteControlCode.setUp(SeleniumRemoteControlCode.java:12)
	at sun.reflect.NativeMethodAccessorImpl.invoke0(Native Method)
	at sun.reflect.NativeMethodAccessorImpl.invoke(NativeMethodAccessorImpl.java:57)
	at sun.reflect.DelegatingMethodAccessorImpl.invoke(DelegatingMethodAccessorImpl.java:43)
	at java.lang.reflect.Method.invoke(Method.java:601)
	at org.testng.internal.MethodInvocationHelper.invokeMethod(MethodInvocationHelper.java:80)
	at org.testng.internal.Invoker.invokeConfigurationMethod(Invoker.java:564)
	at org.testng.internal.Invoker.invokeConfigurations(Invoker.java:213)
	at org.testng.internal.Invoker.invokeMethod(Invoker.java:653)
	at org.testng.internal.Invoker.invokeTestMethod(Invoker.java:901)
	at org.testng.internal.Invoker.invokeTestMethods(Invoker.java:1231)
	at org.testng.internal.TestMethodWorker.invokeTestMethods(TestMethodWorker.java:128)
	at org.testng.internal.TestMethodWorker.run(TestMethodWorker.java:111)
	at org.testng.TestRunner.privateRun(TestRunner.java:767)
	at org.testng.TestRunner.run(TestRunner.java:617)
	at org.testng.SuiteRunner.runTest(SuiteRunner.java:334)
	at org.testng.SuiteRunner.runSequentially(SuiteRunner.java:329)
	at org.testng.SuiteRunner.privateRun(SuiteRunner.java:291)
	at org.testng.SuiteRunner.run(SuiteRunner.java:240)
	at org.testng.SuiteRunnerWorker.runSuite(SuiteRunnerWorker.java:52)
	at org.testng.SuiteRunnerWorker.run(SuiteRunnerWorker.java:86)
	at org.testng.TestNG.runSuitesSequentially(TestNG.java:1203)
	at org.testng.TestNG.runSuitesLocally(TestNG.java:1128)
	at org.testng.TestNG.run(TestNG.java:1036)
	at org.testng.remote.RemoteTestNG.run(RemoteTestNG.java:111)
	at org.testng.remote.RemoteTestNG.initAndRun(RemoteTestNG.java:204)
	at org.testng.remote.RemoteTestNG.main(RemoteTestNG.java:175)
]]>
            </full-stacktrace>
          </exception> <!-- java.lang.RuntimeException -->
          <reporter-output>
          </reporter-output>
        </test-method> <!-- setUp -->
        <test-method status="SKIP" signature="testSeleniumRemoteControlCode()[pri:0, instance:SeleniumRemoteControlCode@298f89c9]" name="testSeleniumRemoteControlCode" duration-ms="6" started-at="2014-01-24T07:23:49Z" finished-at="2014-01-24T07:23:49Z">
          <reporter-output>
          </reporter-output>
        </test-method> <!-- testSeleniumRemoteControlCode -->
        <test-method status="SKIP" signature="tearDown()[pri:0, instance:SeleniumRemoteControlCode@298f89c9]" name="tearDown" is-config="true" duration-ms="0" started-at="2014-01-24T07:23:49Z" finished-at="2014-01-24T07:23:49Z">
          <reporter-output>
          </reporter-output>
        </test-method> <!-- tearDown -->
      </class> <!-- SeleniumRemoteControlCode -->
    </test> <!-- Default test -->
  </suite> <!-- Default suite -->
</testng-results>
